2020/08/11 11:42:31 main.go:11: test
2020/08/11 11:51:20 main.go:11: test test2
2020/08/11 14:46:58 main.go:11: test
2020/08/13 11:31:21 bitflyer.go:57: action=doRequest endpoint=https://api.bitflyer.com/v1/me/getbalance
2020/08/13 11:31:22 bitflyer.go:92: url=me/getbalance resp=[{"currency_code":"JPY","amount":293.0,"available":293.000000000000},{"currency_code":"BTC","amount":0.001,"available":0.001000000000},{"currency_code":"BCH","amount":0.0,"available":0.0},{"currency_code":"ETH","amount":0.0,"available":0.0},{"currency_code":"ETC","amount":0.0,"available":0.0},{"currency_code":"LTC","amount":0.0,"available":0.0},{"currency_code":"MONA","amount":0.0,"available":0.0},{"currency_code":"LSK","amount":0.0,"available":0.0},{"currency_code":"XRP","amount":0.0,"available":0.0},{"currency_code":"BAT","amount":0.0,"available":0.0},{"currency_code":"XLM","amount":0.0,"available":0.0},{"currency_code":"XEM","amount":0.0,"available":0.0}]
2020/08/13 11:34:18 bitflyer.go:57: action=doRequest endpoint=https://api.bitflyer.com/v1/me/getbalance
2020/08/13 11:34:18 bitflyer.go:92: url=me/getbalance resp=[{"currency_code":"JPY","amount":293.0,"available":293.000000000000},{"currency_code":"BTC","amount":0.001,"available":0.001000000000},{"currency_code":"BCH","amount":0.0,"available":0.0},{"currency_code":"ETH","amount":0.0,"available":0.0},{"currency_code":"ETC","amount":0.0,"available":0.0},{"currency_code":"LTC","amount":0.0,"available":0.0},{"currency_code":"MONA","amount":0.0,"available":0.0},{"currency_code":"LSK","amount":0.0,"available":0.0},{"currency_code":"XRP","amount":0.0,"available":0.0},{"currency_code":"BAT","amount":0.0,"available":0.0},{"currency_code":"XLM","amount":0.0,"available":0.0},{"currency_code":"XEM","amount":0.0,"available":0.0}]
2020/08/13 11:35:12 bitflyer.go:57: action=doRequest endpoint=https://api.bitflyer.com/v1/me/getbalance
2020/08/13 11:35:12 bitflyer.go:92: url=me/getbalance resp=
2020/08/13 11:35:12 bitflyer.go:94: action=GetBalance err=Get "https://api.bitflyer.com/v1/me/getbalance": dial tcp: lookup api.bitflyer.com: no such host
2020/08/13 11:35:44 bitflyer.go:57: action=doRequest endpoint=https://api.bitflyer.com/v1/me/getbalance
2020/08/13 11:35:44 bitflyer.go:92: url=me/getbalance resp=[{"currency_code":"JPY","amount":293.0,"available":293.000000000000},{"currency_code":"BTC","amount":0.001,"available":0.001000000000},{"currency_code":"BCH","amount":0.0,"available":0.0},{"currency_code":"ETH","amount":0.0,"available":0.0},{"currency_code":"ETC","amount":0.0,"available":0.0},{"currency_code":"LTC","amount":0.0,"available":0.0},{"currency_code":"MONA","amount":0.0,"available":0.0},{"currency_code":"LSK","amount":0.0,"available":0.0},{"currency_code":"XRP","amount":0.0,"available":0.0},{"currency_code":"BAT","amount":0.0,"available":0.0},{"currency_code":"XLM","amount":0.0,"available":0.0},{"currency_code":"XEM","amount":0.0,"available":0.0}]
2020/08/13 11:35:57 bitflyer.go:57: action=doRequest endpoint=https://api.bitflyer.com/v1/me/getbalance
2020/08/13 11:35:57 bitflyer.go:92: url=me/getbalance resp=[{"currency_code":"JPY","amount":293.0,"available":293.000000000000},{"currency_code":"BTC","amount":0.001,"available":0.001000000000},{"currency_code":"BCH","amount":0.0,"available":0.0},{"currency_code":"ETH","amount":0.0,"available":0.0},{"currency_code":"ETC","amount":0.0,"available":0.0},{"currency_code":"LTC","amount":0.0,"available":0.0},{"currency_code":"MONA","amount":0.0,"available":0.0},{"currency_code":"LSK","amount":0.0,"available":0.0},{"currency_code":"XRP","amount":0.0,"available":0.0},{"currency_code":"BAT","amount":0.0,"available":0.0},{"currency_code":"XLM","amount":0.0,"available":0.0},{"currency_code":"XEM","amount":0.0,"available":0.0}]
2020/08/13 11:38:05 bitflyer.go:57: action=doRequest endpoint=https://api.bitflyer.com/v1/me/getbalance
2020/08/13 11:38:05 bitflyer.go:92: url=me/getbalance resp=
2020/08/13 11:38:05 bitflyer.go:94: action=GetBalance err=Get "https://api.bitflyer.com/v1/me/getbalance": dial tcp: lookup api.bitflyer.com: no such host
2020/08/13 11:38:17 bitflyer.go:57: action=doRequest endpoint=https://api.bitflyer.com/v1/me/getbalance
2020/08/13 11:38:17 bitflyer.go:92: url=me/getbalance resp=
2020/08/13 11:38:17 bitflyer.go:94: action=GetBalance err=Get "https://api.bitflyer.com/v1/me/getbalance": dial tcp: lookup api.bitflyer.com: no such host
2020/08/13 11:38:24 bitflyer.go:57: action=doRequest endpoint=https://api.bitflyer.com/v1/me/getbalance
2020/08/13 11:38:24 bitflyer.go:92: url=me/getbalance resp=
2020/08/13 11:38:24 bitflyer.go:94: action=GetBalance err=Get "https://api.bitflyer.com/v1/me/getbalance": dial tcp: lookup api.bitflyer.com: no such host
2020/08/13 11:38:32 bitflyer.go:57: action=doRequest endpoint=https://api.bitflyer.com/v1/me/getbalance
2020/08/13 11:38:32 bitflyer.go:92: url=me/getbalance resp=
2020/08/13 11:38:32 bitflyer.go:94: action=GetBalance err=Get "https://api.bitflyer.com/v1/me/getbalance": dial tcp: lookup api.bitflyer.com: no such host
2020/08/13 11:39:59 bitflyer.go:57: action=doRequest endpoint=https://api.bitflyer.com/v1/me/getbalance
2020/08/13 11:39:59 bitflyer.go:92: url=me/getbalance resp=
2020/08/13 11:39:59 bitflyer.go:94: action=GetBalance err=Get "https://api.bitflyer.com/v1/me/getbalance": dial tcp: lookup api.bitflyer.com: no such host
2020/08/13 11:41:24 bitflyer.go:57: action=doRequest endpoint=https://api.bitflyer.com/v1/me/getbalance
2020/08/13 11:41:25 bitflyer.go:92: url=me/getbalance resp=[{"currency_code":"JPY","amount":293.0,"available":293.000000000000},{"currency_code":"BTC","amount":0.001,"available":0.001000000000},{"currency_code":"BCH","amount":0.0,"available":0.0},{"currency_code":"ETH","amount":0.0,"available":0.0},{"currency_code":"ETC","amount":0.0,"available":0.0},{"currency_code":"LTC","amount":0.0,"available":0.0},{"currency_code":"MONA","amount":0.0,"available":0.0},{"currency_code":"LSK","amount":0.0,"available":0.0},{"currency_code":"XRP","amount":0.0,"available":0.0},{"currency_code":"BAT","amount":0.0,"available":0.0},{"currency_code":"XLM","amount":0.0,"available":0.0},{"currency_code":"XEM","amount":0.0,"available":0.0}]
2020/08/13 11:45:59 bitflyer.go:57: action=doRequest endpoint=https://api.bitflyer.com/v1/me/getbalance
2020/08/13 11:46:00 bitflyer.go:92: url=me/getbalance resp=[{"currency_code":"JPY","amount":293.0,"available":293.000000000000},{"currency_code":"BTC","amount":0.001,"available":0.001000000000},{"currency_code":"BCH","amount":0.0,"available":0.0},{"currency_code":"ETH","amount":0.0,"available":0.0},{"currency_code":"ETC","amount":0.0,"available":0.0},{"currency_code":"LTC","amount":0.0,"available":0.0},{"currency_code":"MONA","amount":0.0,"available":0.0},{"currency_code":"LSK","amount":0.0,"available":0.0},{"currency_code":"XRP","amount":0.0,"available":0.0},{"currency_code":"BAT","amount":0.0,"available":0.0},{"currency_code":"XLM","amount":0.0,"available":0.0},{"currency_code":"XEM","amount":0.0,"available":0.0}]
2020/08/13 12:02:56 bitflyer.go:57: action=doRequest endpoint=https://api.bitflyer.com/v1/me/getbalance
2020/08/13 12:02:57 bitflyer.go:92: url=me/getbalance resp=[{"currency_code":"JPY","amount":293.0,"available":293.000000000000},{"currency_code":"BTC","amount":0.001,"available":0.001000000000},{"currency_code":"BCH","amount":0.0,"available":0.0},{"currency_code":"ETH","amount":0.0,"available":0.0},{"currency_code":"ETC","amount":0.0,"available":0.0},{"currency_code":"LTC","amount":0.0,"available":0.0},{"currency_code":"MONA","amount":0.0,"available":0.0},{"currency_code":"LSK","amount":0.0,"available":0.0},{"currency_code":"XRP","amount":0.0,"available":0.0},{"currency_code":"BAT","amount":0.0,"available":0.0},{"currency_code":"XLM","amount":0.0,"available":0.0},{"currency_code":"XEM","amount":0.0,"available":0.0}]
